<?xml version="1.0" encoding="UTF-8"?>
<testng-results ignored="0" total="1" passed="1" failed="0" skipped="0">
  <reporter-output>
  </reporter-output>
  <suite started-at="2022-04-13T19:25:44 IST" name="Default suite" finished-at="2022-04-13T19:25:51 IST" duration-ms="7267">
    <groups>
    </groups>
    <test started-at="2022-04-13T19:25:44 IST" name="Default test" finished-at="2022-04-13T19:25:51 IST" duration-ms="7267">
      <class name="com.SauceDemo.TestClass.TC01_LoginFunctionality">
        <test-method is-config="true" signature="setupmethod()[pri:0, instance:com.SauceDemo.TestClass.TC01_LoginFunctionality@43195e57]" started-at="2022-04-13T19:25:44 IST" name="setupmethod" finished-at="2022-04-13T19:25:48 IST" duration-ms="4279" status="PASS">
          <reporter-output>
          </reporter-output>
        </test-method> <!-- setupmethod -->
        <test-method signature="verifylogin()[pri:0, instance:com.SauceDemo.TestClass.TC01_LoginFunctionality@43195e57]" started-at="2022-04-13T19:25:48 IST" name="verifylogin" finished-at="2022-04-13T19:25:51 IST" duration-ms="2400" status="PASS">
          <reporter-output>
          </reporter-output>
        </test-method> <!-- verifylogin -->
        <test-method is-config="true" signature="tearDownMethod()[pri:0, instance:com.SauceDemo.TestClass.TC01_LoginFunctionality@43195e57]" started-at="2022-04-13T19:25:51 IST" name="tearDownMethod" finished-at="2022-04-13T19:25:51 IST" duration-ms="508" status="PASS">
          <reporter-output>
          </reporter-output>
        </test-method> <!-- tearDownMethod -->
      </class> <!-- com.SauceDemo.TestClass.TC01_LoginFunctionality -->
    </test> <!-- Default test -->
  </suite> <!-- Default suite -->
</testng-results>
